<?xml version="1.0" encoding="UTF-8"?>
<testng-results ignored="0" total="1" passed="1" failed="0" skipped="0">
  <reporter-output>
  </reporter-output>
  <suite started-at="2020-06-17T23:08:59 NPT" name="Default suite" finished-at="2020-06-17T23:09:06 NPT" duration-ms="6471">
    <groups>
      <group name="cucumber">
        <method signature="AbstractTestNGCucumberTests.runScenario(io.cucumber.testng.PickleWrapper, io.cucumber.testng.FeatureWrapper)[pri:0, instance:runner.RunTest@2bc12da]" name="runScenario" class="io.cucumber.testng.AbstractTestNGCucumberTests"/>
      </group> <!-- cucumber -->
    </groups>
    <test started-at="2020-06-17T23:08:59 NPT" name="Default test" finished-at="2020-06-17T23:09:06 NPT" duration-ms="6471">
      <class name="runner.RunTest">
        <test-method is-config="true" signature="setUpClass()[pri:0, instance:runner.RunTest@2bc12da]" started-at="2020-06-17T23:08:59 NPT" name="setUpClass" finished-at="2020-06-17T23:09:00 NPT" duration-ms="788" status="PASS">
          <reporter-output>
          </reporter-output>
        </test-method> <!-- setUpClass -->
        <test-method signature="runScenario(io.cucumber.testng.PickleWrapper, io.cucumber.testng.FeatureWrapper)[pri:0, instance:runner.RunTest@2bc12da]" started-at="2020-06-17T23:09:00 NPT" name="runScenario" description="Runs Cucumber Scenarios" data-provider="scenarios" finished-at="2020-06-17T23:09:06 NPT" duration-ms="5561" status="PASS">
          <params>
            <param index="0">
              <value>
                <![CDATA["List Users with valid page value"]]>
              </value>
            </param>
            <param index="1">
              <value>
                <![CDATA["List Users"]]>
              </value>
            </param>
          </params>
          <reporter-output>
          </reporter-output>
        </test-method> <!-- runScenario -->
        <test-method is-config="true" signature="tearDownClass()[pri:0, instance:runner.RunTest@2bc12da]" started-at="2020-06-17T23:09:06 NPT" name="tearDownClass" finished-at="2020-06-17T23:09:06 NPT" duration-ms="5" status="PASS">
          <reporter-output>
          </reporter-output>
        </test-method> <!-- tearDownClass -->
      </class> <!-- runner.RunTest -->
    </test> <!-- Default test -->
  </suite> <!-- Default suite -->
</testng-results>
